2025-12-16 00:10:06.186 Thread 'MainThread': missing ScriptRunContext! This warning can be ignored when running in bare mode.
2025-12-16 00:10:06.258 Thread 'MainThread': missing ScriptRunContext! This warning can be ignored when running in bare mode.
2025-12-16 00:10:06.258 Thread 'MainThread': missing ScriptRunContext! This warning can be ignored when running in bare mode.
2025-12-16 00:10:06.290 
  [33m[1mWarning:[0m to view this Streamlit app on a browser, run it with the following
  command:

    streamlit run weekly_ai.py [ARGUMENTS]
2025-12-16 00:10:06.290 Thread 'MainThread': missing ScriptRunContext! This warning can be ignored when running in bare mode.
2025-12-16 00:10:06.290 Thread 'MainThread': missing ScriptRunContext! This warning can be ignored when running in bare mode.
2025-12-16 00:10:06.291 No runtime found, using MemoryCacheStorageManager
2025-12-16 00:10:06.293 No runtime found, using MemoryCacheStorageManager
2025-12-16 00:10:06.307 Thread 'MainThread': missing ScriptRunContext! This warning can be ignored when running in bare mode.
2025-12-16 00:10:06.308 Thread 'MainThread': missing ScriptRunContext! This warning can be ignored when running in bare mode.
2025-12-16 00:10:06.308 Thread 'MainThread': missing ScriptRunContext! This warning can be ignored when running in bare mode.
2025-12-16 00:10:06.308 Thread 'MainThread': missing ScriptRunContext! This warning can be ignored when running in bare mode.
2025-12-16 00:10:06.308 Thread 'MainThread': missing ScriptRunContext! This warning can be ignored when running in bare mode.
2025-12-16 00:10:06.308 Thread 'MainThread': missing ScriptRunContext! This warning can be ignored when running in bare mode.
2025-12-16 00:10:06.308 Thread 'MainThread': missing ScriptRunContext! This warning can be ignored when running in bare mode.
2025-12-16 00:10:06.308 Thread 'MainThread': missing ScriptRunContext! This warning can be ignored when running in bare mode.
2025-12-16 00:10:06.308 Thread 'MainThread': missing ScriptRunContext! This warning can be ignored when running in bare mode.
2025-12-16 00:10:06.308 Thread 'MainThread': missing ScriptRunContext! This warning can be ignored when running in bare mode.
2025-12-16 00:10:06.308 Thread 'MainThread': missing ScriptRunContext! This warning can be ignored when running in bare mode.
2025-12-16 00:10:06.308 Thread 'MainThread': missing ScriptRunContext! This warning can be ignored when running in bare mode.
2025-12-16 00:10:06.308 Thread 'MainThread': missing ScriptRunContext! This warning can be ignored when running in bare mode.
2025-12-16 00:10:06.308 Thread 'MainThread': missing ScriptRunContext! This warning can be ignored when running in bare mode.
2025-12-16 00:10:06.308 Thread 'MainThread': missing ScriptRunContext! This warning can be ignored when running in bare mode.
2025-12-16 00:10:06.308 Thread 'MainThread': missing ScriptRunContext! This warning can be ignored when running in bare mode.
2025-12-16 00:10:06.308 Thread 'MainThread': missing ScriptRunContext! This warning can be ignored when running in bare mode.
2025-12-16 00:10:06.308 Thread 'MainThread': missing ScriptRunContext! This warning can be ignored when running in bare mode.
2025-12-16 00:10:06.308 Thread 'MainThread': missing ScriptRunContext! This warning can be ignored when running in bare mode.
2025-12-16 00:10:06.308 Thread 'MainThread': missing ScriptRunContext! This warning can be ignored when running in bare mode.
2025-12-16 00:10:06.308 Thread 'MainThread': missing ScriptRunContext! This warning can be ignored when running in bare mode.
2025-12-16 00:10:06.308 Thread 'MainThread': missing ScriptRunContext! This warning can be ignored when running in bare mode.
2025-12-16 00:10:06.308 Thread 'MainThread': missing ScriptRunContext! This warning can be ignored when running in bare mode.
2025-12-16 00:10:06.308 Thread 'MainThread': missing ScriptRunContext! This warning can be ignored when running in bare mode.
2025-12-16 00:10:06.309 Thread 'MainThread': missing ScriptRunContext! This warning can be ignored when running in bare mode.
2025-12-16 00:10:06.309 Thread 'MainThread': missing ScriptRunContext! This warning can be ignored when running in bare mode.
2025-12-16 00:10:06.309 Thread 'MainThread': missing ScriptRunContext! This warning can be ignored when running in bare mode.
2025-12-16 00:10:06.309 Thread 'MainThread': missing ScriptRunContext! This warning can be ignored when running in bare mode.
2025-12-16 00:10:06.309 Thread 'MainThread': missing ScriptRunContext! This warning can be ignored when running in bare mode.
2025-12-16 00:10:06.309 Thread 'MainThread': missing ScriptRunContext! This warning can be ignored when running in bare mode.
2025-12-16 00:10:06.309 Thread 'MainThread': missing ScriptRunContext! This warning can be ignored when running in bare mode.
2025-12-16 00:10:06.309 Thread 'MainThread': missing ScriptRunContext! This warning can be ignored when running in bare mode.
2025-12-16 00:10:06.309 Thread 'MainThread': missing ScriptRunContext! This warning can be ignored when running in bare mode.
2025-12-16 00:10:06.309 Session state does not function when running a script without `streamlit run`
2025-12-16 00:10:06.309 Thread 'MainThread': missing ScriptRunContext! This warning can be ignored when running in bare mode.
2025-12-16 00:10:06.309 Thread 'MainThread': missing ScriptRunContext! This warning can be ignored when running in bare mode.
2025-12-16 00:10:06.309 Thread 'MainThread': missing ScriptRunContext! This warning can be ignored when running in bare mode.
2025-12-16 00:10:06.309 Thread 'MainThread': missing ScriptRunContext! This warning can be ignored when running in bare mode.
2025-12-16 00:10:06.309 Thread 'MainThread': missing ScriptRunContext! This warning can be ignored when running in bare mode.
2025-12-16 00:10:06.309 Thread 'MainThread': missing ScriptRunContext! This warning can be ignored when running in bare mode.
2025-12-16 00:10:06.309 Thread 'MainThread': missing ScriptRunContext! This warning can be ignored when running in bare mode.
2025-12-16 00:10:06.309 Thread 'MainThread': missing ScriptRunContext! This warning can be ignored when running in bare mode.
2025-12-16 00:10:06.309 Thread 'MainThread': missing ScriptRunContext! This warning can be ignored when running in bare mode.
2025-12-16 00:10:06.309 Thread 'MainThread': missing ScriptRunContext! This warning can be ignored when running in bare mode.
2025-12-16 00:10:06.309 Thread 'MainThread': missing ScriptRunContext! This warning can be ignored when running in bare mode.
2025-12-16 00:10:06.309 Thread 'MainThread': missing ScriptRunContext! This warning can be ignored when running in bare mode.
2025-12-16 00:10:06.309 Thread 'MainThread': missing ScriptRunContext! This warning can be ignored when running in bare mode.
2025-12-16 00:10:06.311 Thread 'MainThread': missing ScriptRunContext! This warning can be ignored when running in bare mode.
2025-12-16 00:10:06.311 Thread 'MainThread': missing ScriptRunContext! This warning can be ignored when running in bare mode.
2025-12-16 00:10:06.311 Thread 'MainThread': missing ScriptRunContext! This warning can be ignored when running in bare mode.
2025-12-16 00:10:06.311 Thread 'MainThread': missing ScriptRunContext! This warning can be ignored when running in bare mode.
2025-12-16 00:10:06.311 Thread 'MainThread': missing ScriptRunContext! This warning can be ignored when running in bare mode.
2025-12-16 00:10:06.312 Thread 'MainThread': missing ScriptRunContext! This warning can be ignored when running in bare mode.
2025-12-16 00:10:06.312 Thread 'MainThread': missing ScriptRunContext! This warning can be ignored when running in bare mode.
2025-12-16 00:10:06.312 Thread 'MainThread': missing ScriptRunContext! This warning can be ignored when running in bare mode.
2025-12-16 00:10:06.312 Thread 'MainThread': missing ScriptRunContext! This warning can be ignored when running in bare mode.
2025-12-16 00:10:06.312 Thread 'MainThread': missing ScriptRunContext! This warning can be ignored when running in bare mode.
2025-12-16 00:10:06.312 Thread 'MainThread': missing ScriptRunContext! This warning can be ignored when running in bare mode.
2025-12-16 00:10:06.312 Thread 'MainThread': missing ScriptRunContext! This warning can be ignored when running in bare mode.
2025-12-16 00:10:06.312 Thread 'MainThread': missing ScriptRunContext! This warning can be ignored when running in bare mode.
2025-12-16 00:10:06.312 Thread 'MainThread': missing ScriptRunContext! This warning can be ignored when running in bare mode.
2025-12-16 00:10:06.312 Thread 'MainThread': missing ScriptRunContext! This warning can be ignored when running in bare mode.
2025-12-16 00:10:06.312 Thread 'MainThread': missing ScriptRunContext! This warning can be ignored when running in bare mode.
2025-12-16 00:10:06.312 Thread 'MainThread': missing ScriptRunContext! This warning can be ignored when running in bare mode.
2025-12-16 00:10:06.312 Thread 'MainThread': missing ScriptRunContext! This warning can be ignored when running in bare mode.
2025-12-16 00:10:06.312 Thread 'MainThread': missing ScriptRunContext! This warning can be ignored when running in bare mode.
2025-12-16 00:10:06.312 Thread 'MainThread': missing ScriptRunContext! This warning can be ignored when running in bare mode.
2025-12-16 00:10:06.312 Thread 'MainThread': missing ScriptRunContext! This warning can be ignored when running in bare mode.
2025-12-16 00:10:06.312 Thread 'MainThread': missing ScriptRunContext! This warning can be ignored when running in bare mode.
2025-12-16 00:10:06.312 Thread 'MainThread': missing ScriptRunContext! This warning can be ignored when running in bare mode.
2025-12-16 00:10:06.312 Thread 'MainThread': missing ScriptRunContext! This warning can be ignored when running in bare mode.
2025-12-16 00:10:06.312 Thread 'MainThread': missing ScriptRunContext! This warning can be ignored when running in bare mode.
2025-12-16 00:10:06.312 Thread 'MainThread': missing ScriptRunContext! This warning can be ignored when running in bare mode.
2025-12-16 00:10:06.312 Thread 'MainThread': missing ScriptRunContext! This warning can be ignored when running in bare mode.
2025-12-16 00:10:06.322 Thread 'MainThread': missing ScriptRunContext! This warning can be ignored when running in bare mode.
2025-12-16 00:10:06.322 Thread 'MainThread': missing ScriptRunContext! This warning can be ignored when running in bare mode.
2025-12-16 00:10:06.322 Thread 'MainThread': missing ScriptRunContext! This warning can be ignored when running in bare mode.
2025-12-16 00:10:06.322 Thread 'MainThread': missing ScriptRunContext! This warning can be ignored when running in bare mode.
2025-12-16 00:10:06.322 Thread 'MainThread': missing ScriptRunContext! This warning can be ignored when running in bare mode.
2025-12-16 00:10:06.322 Thread 'MainThread': missing ScriptRunContext! This warning can be ignored when running in bare mode.
2025-12-16 00:10:06.323 Thread 'MainThread': missing ScriptRunContext! This warning can be ignored when running in bare mode.
2025-12-16 00:10:06.323 Thread 'MainThread': missing ScriptRunContext! This warning can be ignored when running in bare mode.
2025-12-16 00:10:06.323 Thread 'MainThread': missing ScriptRunContext! This warning can be ignored when running in bare mode.
2025-12-16 00:10:06.323 Thread 'MainThread': missing ScriptRunContext! This warning can be ignored when running in bare mode.
2025-12-16 00:10:06.323 Thread 'MainThread': missing ScriptRunContext! This warning can be ignored when running in bare mode.
2025-12-16 00:10:06.323 Thread 'MainThread': missing ScriptRunContext! This warning can be ignored when running in bare mode.
2025-12-16 00:10:06.323 Thread 'MainThread': missing ScriptRunContext! This warning can be ignored when running in bare mode.
2025-12-16 00:10:06.323 Thread 'MainThread': missing ScriptRunContext! This warning can be ignored when running in bare mode.
2025-12-16 00:10:06.323 Thread 'MainThread': missing ScriptRunContext! This warning can be ignored when running in bare mode.
2025-12-16 00:10:06.323 Thread 'MainThread': missing ScriptRunContext! This warning can be ignored when running in bare mode.
2025-12-16 00:10:06.323 Thread 'MainThread': missing ScriptRunContext! This warning can be ignored when running in bare mode.
2025-12-16 00:10:06.323 Thread 'MainThread': missing ScriptRunContext! This warning can be ignored when running in bare mode.
2025-12-16 00:10:06.323 Thread 'MainThread': missing ScriptRunContext! This warning can be ignored when running in bare mode.
2025-12-16 00:10:06.323 Thread 'MainThread': missing ScriptRunContext! This warning can be ignored when running in bare mode.
2025-12-16 00:10:06.323 Thread 'MainThread': missing ScriptRunContext! This warning can be ignored when running in bare mode.
2025-12-16 00:10:06.324 Thread 'MainThread': missing ScriptRunContext! This warning can be ignored when running in bare mode.
2025-12-16 00:10:06.324 Thread 'MainThread': missing ScriptRunContext! This warning can be ignored when running in bare mode.
2025-12-16 00:10:06.324 Thread 'MainThread': missing ScriptRunContext! This warning can be ignored when running in bare mode.
2025-12-16 00:10:06.324 Thread 'MainThread': missing ScriptRunContext! This warning can be ignored when running in bare mode.
2025-12-16 00:10:06.324 Thread 'MainThread': missing ScriptRunContext! This warning can be ignored when running in bare mode.
2025-12-16 00:10:06.324 Thread 'MainThread': missing ScriptRunContext! This warning can be ignored when running in bare mode.
2025-12-16 00:10:06.324 Thread 'MainThread': missing ScriptRunContext! This warning can be ignored when running in bare mode.
2025-12-16 00:10:06.324 Thread 'MainThread': missing ScriptRunContext! This warning can be ignored when running in bare mode.
2025-12-16 00:10:06.324 Thread 'MainThread': missing ScriptRunContext! This warning can be ignored when running in bare mode.
2025-12-16 00:10:06.324 Thread 'MainThread': missing ScriptRunContext! This warning can be ignored when running in bare mode.
2025-12-16 00:10:06.324 Thread 'MainThread': missing ScriptRunContext! This warning can be ignored when running in bare mode.
2025-12-16 00:10:06.324 Thread 'MainThread': missing ScriptRunContext! This warning can be ignored when running in bare mode.
2025-12-16 00:10:06.324 Thread 'MainThread': missing ScriptRunContext! This warning can be ignored when running in bare mode.
2025-12-16 00:10:06.324 Thread 'MainThread': missing ScriptRunContext! This warning can be ignored when running in bare mode.
2025-12-16 00:10:06.324 Thread 'MainThread': missing ScriptRunContext! This warning can be ignored when running in bare mode.
2025-12-16 00:10:06.324 Thread 'MainThread': missing ScriptRunContext! This warning can be ignored when running in bare mode.
2025-12-16 00:10:06.324 Thread 'MainThread': missing ScriptRunContext! This warning can be ignored when running in bare mode.
2025-12-16 00:10:06.324 Thread 'MainThread': missing ScriptRunContext! This warning can be ignored when running in bare mode.
2025-12-16 00:10:06.324 Thread 'MainThread': missing ScriptRunContext! This warning can be ignored when running in bare mode.
2025-12-16 00:10:06.324 Thread 'MainThread': missing ScriptRunContext! This warning can be ignored when running in bare mode.
2025-12-16 00:10:06.324 Thread 'MainThread': missing ScriptRunContext! This warning can be ignored when running in bare mode.
2025-12-16 00:10:06.324 Thread 'MainThread': missing ScriptRunContext! This warning can be ignored when running in bare mode.
2025-12-16 00:10:06.324 Thread 'MainThread': missing ScriptRunContext! This warning can be ignored when running in bare mode.
2025-12-16 00:10:06.324 Thread 'MainThread': missing ScriptRunContext! This warning can be ignored when running in bare mode.
2025-12-16 00:10:06.324 Thread 'MainThread': missing ScriptRunContext! This warning can be ignored when running in bare mode.
2025-12-16 00:10:06.324 Thread 'MainThread': missing ScriptRunContext! This warning can be ignored when running in bare mode.
2025-12-16 00:10:06.324 Thread 'MainThread': missing ScriptRunContext! This warning can be ignored when running in bare mode.
2025-12-16 00:10:06.324 Thread 'MainThread': missing ScriptRunContext! This warning can be ignored when running in bare mode.
2025-12-16 00:10:06.324 Thread 'MainThread': missing ScriptRunContext! This warning can be ignored when running in bare mode.
2025-12-16 00:10:06.324 Thread 'MainThread': missing ScriptRunContext! This warning can be ignored when running in bare mode.
2025-12-16 00:10:06.324 Thread 'MainThread': missing ScriptRunContext! This warning can be ignored when running in bare mode.
2025-12-16 00:10:06.324 Thread 'MainThread': missing ScriptRunContext! This warning can be ignored when running in bare mode.
2025-12-16 00:10:06.324 Thread 'MainThread': missing ScriptRunContext! This warning can be ignored when running in bare mode.
2025-12-16 00:10:06.324 Thread 'MainThread': missing ScriptRunContext! This warning can be ignored when running in bare mode.
2025-12-16 00:10:06.324 Thread 'MainThread': missing ScriptRunContext! This warning can be ignored when running in bare mode.
2025-12-16 00:10:06.324 Thread 'MainThread': missing ScriptRunContext! This warning can be ignored when running in bare mode.
2025-12-16 00:10:06.324 Thread 'MainThread': missing ScriptRunContext! This warning can be ignored when running in bare mode.
2025-12-16 00:10:06.324 Thread 'MainThread': missing ScriptRunContext! This warning can be ignored when running in bare mode.
2025-12-16 00:10:06.324 Thread 'MainThread': missing ScriptRunContext! This warning can be ignored when running in bare mode.
2025-12-16 00:10:06.324 Thread 'MainThread': missing ScriptRunContext! This warning can be ignored when running in bare mode.
2025-12-16 00:10:06.325 Thread 'MainThread': missing ScriptRunContext! This warning can be ignored when running in bare mode.
2025-12-16 00:10:06.325 Thread 'MainThread': missing ScriptRunContext! This warning can be ignored when running in bare mode.
2025-12-16 00:10:06.325 Thread 'MainThread': missing ScriptRunContext! This warning can be ignored when running in bare mode.
2025-12-16 00:10:06.325 Thread 'MainThread': missing ScriptRunContext! This warning can be ignored when running in bare mode.
2025-12-16 00:10:06.325 Thread 'MainThread': missing ScriptRunContext! This warning can be ignored when running in bare mode.
2025-12-16 00:10:06.325 Thread 'MainThread': missing ScriptRunContext! This warning can be ignored when running in bare mode.
2025-12-16 00:10:06.325 Thread 'MainThread': missing ScriptRunContext! This warning can be ignored when running in bare mode.
2025-12-16 00:10:06.325 Thread 'MainThread': missing ScriptRunContext! This warning can be ignored when running in bare mode.
2025-12-16 00:10:06.325 Thread 'MainThread': missing ScriptRunContext! This warning can be ignored when running in bare mode.
2025-12-16 00:10:06.325 No runtime found, using MemoryCacheStorageManager
2025-12-16 00:10:06.809 Thread 'MainThread': missing ScriptRunContext! This warning can be ignored when running in bare mode.
2025-12-16 00:10:06.810 Thread 'MainThread': missing ScriptRunContext! This warning can be ignored when running in bare mode.
2025-12-16 00:10:06.810 Thread 'MainThread': missing ScriptRunContext! This warning can be ignored when running in bare mode.
✅ Weekly report saved:
   alerts/weekly_report_20251216_001006.json
   alerts/weekly_report_20251216_001006.txt
✅ Weekly report saved:
   alerts/weekly_report_20251216_090005.json
   alerts/weekly_report_20251216_090005.txt
2025-12-23 09:00:05.930 WARNING streamlit.runtime.scriptrunner_utils.script_run_context: Thread 'MainThread': missing ScriptRunContext! This warning can be ignored when running in bare mode.
2025-12-23 09:00:05.931 WARNING streamlit.runtime.caching.cache_data_api: No runtime found, using MemoryCacheStorageManager
2025-12-23 09:00:05.933 WARNING streamlit.runtime.caching.cache_data_api: No runtime found, using MemoryCacheStorageManager
2025-12-23 09:00:05.934 WARNING streamlit.runtime.scriptrunner_utils.script_run_context: Thread 'MainThread': missing ScriptRunContext! This warning can be ignored when running in bare mode.
2025-12-23 09:00:06.040 
  [33m[1mWarning:[0m to view this Streamlit app on a browser, run it with the following
  command:

    streamlit run weekly_ai.py [ARGUMENTS]
2025-12-23 09:00:06.041 Thread 'MainThread': missing ScriptRunContext! This warning can be ignored when running in bare mode.
2025-12-23 09:00:06.041 Thread 'MainThread': missing ScriptRunContext! This warning can be ignored when running in bare mode.
2025-12-23 09:00:06.041 Thread 'MainThread': missing ScriptRunContext! This warning can be ignored when running in bare mode.
2025-12-23 09:00:06.041 Thread 'MainThread': missing ScriptRunContext! This warning can be ignored when running in bare mode.
2025-12-23 09:00:06.041 Thread 'MainThread': missing ScriptRunContext! This warning can be ignored when running in bare mode.
2025-12-23 09:00:06.041 Thread 'MainThread': missing ScriptRunContext! This warning can be ignored when running in bare mode.
2025-12-23 09:00:06.041 Thread 'MainThread': missing ScriptRunContext! This warning can be ignored when running in bare mode.
2025-12-23 09:00:06.041 Thread 'MainThread': missing ScriptRunContext! This warning can be ignored when running in bare mode.
2025-12-23 09:00:06.041 Thread 'MainThread': missing ScriptRunContext! This warning can be ignored when running in bare mode.
2025-12-23 09:00:06.041 Session state does not function when running a script without `streamlit run`
2025-12-23 09:00:06.041 Thread 'MainThread': missing ScriptRunContext! This warning can be ignored when running in bare mode.
2025-12-23 09:00:06.041 Thread 'MainThread': missing ScriptRunContext! This warning can be ignored when running in bare mode.
2025-12-23 09:00:06.041 Thread 'MainThread': missing ScriptRunContext! This warning can be ignored when running in bare mode.
2025-12-23 09:00:06.041 Thread 'MainThread': missing ScriptRunContext! This warning can be ignored when running in bare mode.
2025-12-23 09:00:06.041 Thread 'MainThread': missing ScriptRunContext! This warning can be ignored when running in bare mode.
2025-12-23 09:00:06.041 Thread 'MainThread': missing ScriptRunContext! This warning can be ignored when running in bare mode.
2025-12-23 09:00:06.041 Thread 'MainThread': missing ScriptRunContext! This warning can be ignored when running in bare mode.
2025-12-23 09:00:06.041 Thread 'MainThread': missing ScriptRunContext! This warning can be ignored when running in bare mode.
2025-12-23 09:00:06.041 Thread 'MainThread': missing ScriptRunContext! This warning can be ignored when running in bare mode.
2025-12-23 09:00:06.041 Thread 'MainThread': missing ScriptRunContext! This warning can be ignored when running in bare mode.
2025-12-23 09:00:06.041 Thread 'MainThread': missing ScriptRunContext! This warning can be ignored when running in bare mode.
2025-12-23 09:00:06.041 Thread 'MainThread': missing ScriptRunContext! This warning can be ignored when running in bare mode.
2025-12-23 09:00:06.041 Thread 'MainThread': missing ScriptRunContext! This warning can be ignored when running in bare mode.
2025-12-23 09:00:06.041 Thread 'MainThread': missing ScriptRunContext! This warning can be ignored when running in bare mode.
2025-12-23 09:00:06.041 Thread 'MainThread': missing ScriptRunContext! This warning can be ignored when running in bare mode.
2025-12-23 09:00:06.041 Thread 'MainThread': missing ScriptRunContext! This warning can be ignored when running in bare mode.
2025-12-23 09:00:06.041 Thread 'MainThread': missing ScriptRunContext! This warning can be ignored when running in bare mode.
2025-12-23 09:00:06.041 Thread 'MainThread': missing ScriptRunContext! This warning can be ignored when running in bare mode.
2025-12-23 09:00:06.041 Thread 'MainThread': missing ScriptRunContext! This warning can be ignored when running in bare mode.
2025-12-23 09:00:06.041 Thread 'MainThread': missing ScriptRunContext! This warning can be ignored when running in bare mode.
2025-12-23 09:00:06.041 Thread 'MainThread': missing ScriptRunContext! This warning can be ignored when running in bare mode.
2025-12-23 09:00:06.041 Thread 'MainThread': missing ScriptRunContext! This warning can be ignored when running in bare mode.
2025-12-23 09:00:06.041 Thread 'MainThread': missing ScriptRunContext! This warning can be ignored when running in bare mode.
2025-12-23 09:00:06.041 Thread 'MainThread': missing ScriptRunContext! This warning can be ignored when running in bare mode.
2025-12-23 09:00:06.041 Thread 'MainThread': missing ScriptRunContext! This warning can be ignored when running in bare mode.
2025-12-23 09:00:06.041 Thread 'MainThread': missing ScriptRunContext! This warning can be ignored when running in bare mode.
2025-12-23 09:00:06.041 Thread 'MainThread': missing ScriptRunContext! This warning can be ignored when running in bare mode.
2025-12-23 09:00:06.041 Thread 'MainThread': missing ScriptRunContext! This warning can be ignored when running in bare mode.
2025-12-23 09:00:06.041 Thread 'MainThread': missing ScriptRunContext! This warning can be ignored when running in bare mode.
2025-12-23 09:00:06.041 Thread 'MainThread': missing ScriptRunContext! This warning can be ignored when running in bare mode.
2025-12-23 09:00:06.041 Thread 'MainThread': missing ScriptRunContext! This warning can be ignored when running in bare mode.
2025-12-23 09:00:06.041 Thread 'MainThread': missing ScriptRunContext! This warning can be ignored when running in bare mode.
2025-12-23 09:00:06.041 Thread 'MainThread': missing ScriptRunContext! This warning can be ignored when running in bare mode.
2025-12-23 09:00:06.041 Thread 'MainThread': missing ScriptRunContext! This warning can be ignored when running in bare mode.
2025-12-23 09:00:06.041 Thread 'MainThread': missing ScriptRunContext! This warning can be ignored when running in bare mode.
2025-12-23 09:00:06.041 Thread 'MainThread': missing ScriptRunContext! This warning can be ignored when running in bare mode.
2025-12-23 09:00:06.041 Thread 'MainThread': missing ScriptRunContext! This warning can be ignored when running in bare mode.
2025-12-23 09:00:06.042 Thread 'MainThread': missing ScriptRunContext! This warning can be ignored when running in bare mode.
2025-12-23 09:00:06.042 Thread 'MainThread': missing ScriptRunContext! This warning can be ignored when running in bare mode.
2025-12-23 09:00:06.042 Thread 'MainThread': missing ScriptRunContext! This warning can be ignored when running in bare mode.
2025-12-23 09:00:06.042 Thread 'MainThread': missing ScriptRunContext! This warning can be ignored when running in bare mode.
2025-12-23 09:00:06.042 Thread 'MainThread': missing ScriptRunContext! This warning can be ignored when running in bare mode.
2025-12-23 09:00:06.042 Thread 'MainThread': missing ScriptRunContext! This warning can be ignored when running in bare mode.
2025-12-23 09:00:06.042 Thread 'MainThread': missing ScriptRunContext! This warning can be ignored when running in bare mode.
2025-12-23 09:00:06.042 Thread 'MainThread': missing ScriptRunContext! This warning can be ignored when running in bare mode.
2025-12-23 09:00:06.042 Thread 'MainThread': missing ScriptRunContext! This warning can be ignored when running in bare mode.
2025-12-23 09:00:06.042 Thread 'MainThread': missing ScriptRunContext! This warning can be ignored when running in bare mode.
2025-12-23 09:00:06.042 Thread 'MainThread': missing ScriptRunContext! This warning can be ignored when running in bare mode.
2025-12-23 09:00:06.042 Thread 'MainThread': missing ScriptRunContext! This warning can be ignored when running in bare mode.
2025-12-23 09:00:06.042 Thread 'MainThread': missing ScriptRunContext! This warning can be ignored when running in bare mode.
2025-12-23 09:00:06.042 Thread 'MainThread': missing ScriptRunContext! This warning can be ignored when running in bare mode.
2025-12-23 09:00:06.042 Thread 'MainThread': missing ScriptRunContext! This warning can be ignored when running in bare mode.
2025-12-23 09:00:06.042 Thread 'MainThread': missing ScriptRunContext! This warning can be ignored when running in bare mode.
2025-12-23 09:00:06.042 Thread 'MainThread': missing ScriptRunContext! This warning can be ignored when running in bare mode.
2025-12-23 09:00:06.042 Thread 'MainThread': missing ScriptRunContext! This warning can be ignored when running in bare mode.
2025-12-23 09:00:06.042 Thread 'MainThread': missing ScriptRunContext! This warning can be ignored when running in bare mode.
2025-12-23 09:00:06.042 Thread 'MainThread': missing ScriptRunContext! This warning can be ignored when running in bare mode.
2025-12-23 09:00:06.042 Thread 'MainThread': missing ScriptRunContext! This warning can be ignored when running in bare mode.
2025-12-23 09:00:06.042 Thread 'MainThread': missing ScriptRunContext! This warning can be ignored when running in bare mode.
2025-12-23 09:00:06.042 Thread 'MainThread': missing ScriptRunContext! This warning can be ignored when running in bare mode.
2025-12-23 09:00:06.042 Thread 'MainThread': missing ScriptRunContext! This warning can be ignored when running in bare mode.
2025-12-23 09:00:06.042 Thread 'MainThread': missing ScriptRunContext! This warning can be ignored when running in bare mode.
2025-12-23 09:00:06.042 Thread 'MainThread': missing ScriptRunContext! This warning can be ignored when running in bare mode.
2025-12-23 09:00:06.042 Thread 'MainThread': missing ScriptRunContext! This warning can be ignored when running in bare mode.
2025-12-23 09:00:06.042 Thread 'MainThread': missing ScriptRunContext! This warning can be ignored when running in bare mode.
2025-12-23 09:00:06.042 Thread 'MainThread': missing ScriptRunContext! This warning can be ignored when running in bare mode.
2025-12-23 09:00:06.042 Thread 'MainThread': missing ScriptRunContext! This warning can be ignored when running in bare mode.
2025-12-23 09:00:06.042 Thread 'MainThread': missing ScriptRunContext! This warning can be ignored when running in bare mode.
2025-12-23 09:00:06.042 Thread 'MainThread': missing ScriptRunContext! This warning can be ignored when running in bare mode.
2025-12-23 09:00:06.042 Thread 'MainThread': missing ScriptRunContext! This warning can be ignored when running in bare mode.
2025-12-23 09:00:06.042 Thread 'MainThread': missing ScriptRunContext! This warning can be ignored when running in bare mode.
2025-12-23 09:00:06.042 Thread 'MainThread': missing ScriptRunContext! This warning can be ignored when running in bare mode.
2025-12-23 09:00:06.042 No runtime found, using MemoryCacheStorageManager
2025-12-23 09:00:06.578 Thread 'MainThread': missing ScriptRunContext! This warning can be ignored when running in bare mode.
2025-12-23 09:00:06.578 Thread 'MainThread': missing ScriptRunContext! This warning can be ignored when running in bare mode.
2025-12-23 09:00:06.578 Thread 'MainThread': missing ScriptRunContext! This warning can be ignored when running in bare mode.
2025-12-23 09:00:06.579 Thread 'MainThread': missing ScriptRunContext! This warning can be ignored when running in bare mode.
2025-12-23 09:00:06.579 Thread 'MainThread': missing ScriptRunContext! This warning can be ignored when running in bare mode.
2025-12-23 09:00:06.579 Thread 'MainThread': missing ScriptRunContext! This warning can be ignored when running in bare mode.
2025-12-23 09:00:06.579 Thread 'MainThread': missing ScriptRunContext! This warning can be ignored when running in bare mode.
2025-12-23 09:00:06.579 Thread 'MainThread': missing ScriptRunContext! This warning can be ignored when running in bare mode.
2025-12-23 09:00:06.579 Thread 'MainThread': missing ScriptRunContext! This warning can be ignored when running in bare mode.
2025-12-23 09:00:06.579 Thread 'MainThread': missing ScriptRunContext! This warning can be ignored when running in bare mode.
2025-12-23 09:00:06.579 Thread 'MainThread': missing ScriptRunContext! This warning can be ignored when running in bare mode.
2025-12-23 09:00:06.580 Thread 'MainThread': missing ScriptRunContext! This warning can be ignored when running in bare mode.
2025-12-23 09:00:06.580 Thread 'MainThread': missing ScriptRunContext! This warning can be ignored when running in bare mode.
2025-12-23 09:00:06.580 Thread 'MainThread': missing ScriptRunContext! This warning can be ignored when running in bare mode.
2025-12-23 09:00:06.580 Thread 'MainThread': missing ScriptRunContext! This warning can be ignored when running in bare mode.
2025-12-23 09:00:06.580 Thread 'MainThread': missing ScriptRunContext! This warning can be ignored when running in bare mode.
2025-12-23 09:00:06.580 Thread 'MainThread': missing ScriptRunContext! This warning can be ignored when running in bare mode.
2025-12-23 09:00:06.580 Thread 'MainThread': missing ScriptRunContext! This warning can be ignored when running in bare mode.
2025-12-23 09:00:06.580 Thread 'MainThread': missing ScriptRunContext! This warning can be ignored when running in bare mode.
2025-12-23 09:00:06.580 Thread 'MainThread': missing ScriptRunContext! This warning can be ignored when running in bare mode.
2025-12-23 09:00:06.580 Thread 'MainThread': missing ScriptRunContext! This warning can be ignored when running in bare mode.
2025-12-23 09:00:06.580 Thread 'MainThread': missing ScriptRunContext! This warning can be ignored when running in bare mode.
2025-12-23 09:00:06.581 Thread 'MainThread': missing ScriptRunContext! This warning can be ignored when running in bare mode.
2025-12-23 09:00:06.581 Thread 'MainThread': missing ScriptRunContext! This warning can be ignored when running in bare mode.
2025-12-23 09:00:06.581 Thread 'MainThread': missing ScriptRunContext! This warning can be ignored when running in bare mode.
2025-12-23 09:00:06.581 Thread 'MainThread': missing ScriptRunContext! This warning can be ignored when running in bare mode.
2025-12-23 09:00:06.581 Thread 'MainThread': missing ScriptRunContext! This warning can be ignored when running in bare mode.
2025-12-23 09:00:06.589 Thread 'MainThread': missing ScriptRunContext! This warning can be ignored when running in bare mode.
2025-12-23 09:00:06.589 Thread 'MainThread': missing ScriptRunContext! This warning can be ignored when running in bare mode.
2025-12-23 09:00:06.589 Thread 'MainThread': missing ScriptRunContext! This warning can be ignored when running in bare mode.
2025-12-23 09:00:06.589 Thread 'MainThread': missing ScriptRunContext! This warning can be ignored when running in bare mode.
2025-12-23 09:00:06.589 Thread 'MainThread': missing ScriptRunContext! This warning can be ignored when running in bare mode.
2025-12-23 09:00:06.589 Thread 'MainThread': missing ScriptRunContext! This warning can be ignored when running in bare mode.
2025-12-23 09:00:06.589 Thread 'MainThread': missing ScriptRunContext! This warning can be ignored when running in bare mode.
2025-12-23 09:00:06.589 Thread 'MainThread': missing ScriptRunContext! This warning can be ignored when running in bare mode.
2025-12-23 09:00:06.589 Thread 'MainThread': missing ScriptRunContext! This warning can be ignored when running in bare mode.
2025-12-23 09:00:06.593 Please replace `use_container_width` with `width`.

`use_container_width` will be removed after 2025-12-31.

For `use_container_width=True`, use `width='stretch'`. For `use_container_width=False`, use `width='content'`.
2025-12-23 09:00:06.612 Thread 'MainThread': missing ScriptRunContext! This warning can be ignored when running in bare mode.
2025-12-23 09:00:06.612 Thread 'MainThread': missing ScriptRunContext! This warning can be ignored when running in bare mode.
2025-12-23 09:00:06.612 Thread 'MainThread': missing ScriptRunContext! This warning can be ignored when running in bare mode.
2025-12-23 09:00:36.744 Thread 'MainThread': missing ScriptRunContext! This warning can be ignored when running in bare mode.
✅ Weekly report saved:
   alerts/weekly_report_20251223_090036.json
   alerts/weekly_report_20251223_090036.txt
2025-12-30 09:00:01.441 WARNING streamlit.runtime.scriptrunner_utils.script_run_context: Thread 'MainThread': missing ScriptRunContext! This warning can be ignored when running in bare mode.
2025-12-30 09:00:01.442 WARNING streamlit.runtime.caching.cache_data_api: No runtime found, using MemoryCacheStorageManager
2025-12-30 09:00:01.444 WARNING streamlit.runtime.caching.cache_data_api: No runtime found, using MemoryCacheStorageManager
2025-12-30 09:00:01.445 WARNING streamlit.runtime.scriptrunner_utils.script_run_context: Thread 'MainThread': missing ScriptRunContext! This warning can be ignored when running in bare mode.
2025-12-30 09:00:01.554 
  [33m[1mWarning:[0m to view this Streamlit app on a browser, run it with the following
  command:

    streamlit run weekly_ai.py [ARGUMENTS]
2025-12-30 09:00:01.554 Thread 'MainThread': missing ScriptRunContext! This warning can be ignored when running in bare mode.
2025-12-30 09:00:01.554 Thread 'MainThread': missing ScriptRunContext! This warning can be ignored when running in bare mode.
2025-12-30 09:00:01.554 Thread 'MainThread': missing ScriptRunContext! This warning can be ignored when running in bare mode.
2025-12-30 09:00:01.554 Thread 'MainThread': missing ScriptRunContext! This warning can be ignored when running in bare mode.
2025-12-30 09:00:01.554 Thread 'MainThread': missing ScriptRunContext! This warning can be ignored when running in bare mode.
2025-12-30 09:00:01.554 Thread 'MainThread': missing ScriptRunContext! This warning can be ignored when running in bare mode.
2025-12-30 09:00:01.554 Thread 'MainThread': missing ScriptRunContext! This warning can be ignored when running in bare mode.
2025-12-30 09:00:01.555 Thread 'MainThread': missing ScriptRunContext! This warning can be ignored when running in bare mode.
2025-12-30 09:00:01.555 Thread 'MainThread': missing ScriptRunContext! This warning can be ignored when running in bare mode.
2025-12-30 09:00:01.555 Session state does not function when running a script without `streamlit run`
2025-12-30 09:00:01.555 Thread 'MainThread': missing ScriptRunContext! This warning can be ignored when running in bare mode.
2025-12-30 09:00:01.555 Thread 'MainThread': missing ScriptRunContext! This warning can be ignored when running in bare mode.
2025-12-30 09:00:01.555 Thread 'MainThread': missing ScriptRunContext! This warning can be ignored when running in bare mode.
2025-12-30 09:00:01.555 Thread 'MainThread': missing ScriptRunContext! This warning can be ignored when running in bare mode.
2025-12-30 09:00:01.555 Thread 'MainThread': missing ScriptRunContext! This warning can be ignored when running in bare mode.
2025-12-30 09:00:01.555 Thread 'MainThread': missing ScriptRunContext! This warning can be ignored when running in bare mode.
2025-12-30 09:00:01.555 Thread 'MainThread': missing ScriptRunContext! This warning can be ignored when running in bare mode.
2025-12-30 09:00:01.555 Thread 'MainThread': missing ScriptRunContext! This warning can be ignored when running in bare mode.
2025-12-30 09:00:01.555 Thread 'MainThread': missing ScriptRunContext! This warning can be ignored when running in bare mode.
2025-12-30 09:00:01.555 Thread 'MainThread': missing ScriptRunContext! This warning can be ignored when running in bare mode.
2025-12-30 09:00:01.555 Thread 'MainThread': missing ScriptRunContext! This warning can be ignored when running in bare mode.
2025-12-30 09:00:01.555 Thread 'MainThread': missing ScriptRunContext! This warning can be ignored when running in bare mode.
2025-12-30 09:00:01.555 Thread 'MainThread': missing ScriptRunContext! This warning can be ignored when running in bare mode.
2025-12-30 09:00:01.555 Thread 'MainThread': missing ScriptRunContext! This warning can be ignored when running in bare mode.
2025-12-30 09:00:01.555 Thread 'MainThread': missing ScriptRunContext! This warning can be ignored when running in bare mode.
2025-12-30 09:00:01.555 Thread 'MainThread': missing ScriptRunContext! This warning can be ignored when running in bare mode.
2025-12-30 09:00:01.555 Thread 'MainThread': missing ScriptRunContext! This warning can be ignored when running in bare mode.
2025-12-30 09:00:01.555 Thread 'MainThread': missing ScriptRunContext! This warning can be ignored when running in bare mode.
2025-12-30 09:00:01.555 Thread 'MainThread': missing ScriptRunContext! This warning can be ignored when running in bare mode.
2025-12-30 09:00:01.555 Thread 'MainThread': missing ScriptRunContext! This warning can be ignored when running in bare mode.
2025-12-30 09:00:01.555 Thread 'MainThread': missing ScriptRunContext! This warning can be ignored when running in bare mode.
2025-12-30 09:00:01.555 Thread 'MainThread': missing ScriptRunContext! This warning can be ignored when running in bare mode.
2025-12-30 09:00:01.555 Thread 'MainThread': missing ScriptRunContext! This warning can be ignored when running in bare mode.
2025-12-30 09:00:01.555 Thread 'MainThread': missing ScriptRunContext! This warning can be ignored when running in bare mode.
2025-12-30 09:00:01.555 Thread 'MainThread': missing ScriptRunContext! This warning can be ignored when running in bare mode.
2025-12-30 09:00:01.555 Thread 'MainThread': missing ScriptRunContext! This warning can be ignored when running in bare mode.
2025-12-30 09:00:01.555 Thread 'MainThread': missing ScriptRunContext! This warning can be ignored when running in bare mode.
2025-12-30 09:00:01.555 Thread 'MainThread': missing ScriptRunContext! This warning can be ignored when running in bare mode.
2025-12-30 09:00:01.555 Thread 'MainThread': missing ScriptRunContext! This warning can be ignored when running in bare mode.
2025-12-30 09:00:01.555 Thread 'MainThread': missing ScriptRunContext! This warning can be ignored when running in bare mode.
2025-12-30 09:00:01.555 Thread 'MainThread': missing ScriptRunContext! This warning can be ignored when running in bare mode.
2025-12-30 09:00:01.555 Thread 'MainThread': missing ScriptRunContext! This warning can be ignored when running in bare mode.
2025-12-30 09:00:01.555 Thread 'MainThread': missing ScriptRunContext! This warning can be ignored when running in bare mode.
2025-12-30 09:00:01.555 Thread 'MainThread': missing ScriptRunContext! This warning can be ignored when running in bare mode.
2025-12-30 09:00:01.555 Thread 'MainThread': missing ScriptRunContext! This warning can be ignored when running in bare mode.
2025-12-30 09:00:01.555 Thread 'MainThread': missing ScriptRunContext! This warning can be ignored when running in bare mode.
2025-12-30 09:00:01.555 Thread 'MainThread': missing ScriptRunContext! This warning can be ignored when running in bare mode.
2025-12-30 09:00:01.555 Thread 'MainThread': missing ScriptRunContext! This warning can be ignored when running in bare mode.
2025-12-30 09:00:01.555 Thread 'MainThread': missing ScriptRunContext! This warning can be ignored when running in bare mode.
2025-12-30 09:00:01.555 Thread 'MainThread': missing ScriptRunContext! This warning can be ignored when running in bare mode.
2025-12-30 09:00:01.555 Thread 'MainThread': missing ScriptRunContext! This warning can be ignored when running in bare mode.
2025-12-30 09:00:01.555 Thread 'MainThread': missing ScriptRunContext! This warning can be ignored when running in bare mode.
2025-12-30 09:00:01.555 Thread 'MainThread': missing ScriptRunContext! This warning can be ignored when running in bare mode.
2025-12-30 09:00:01.555 Thread 'MainThread': missing ScriptRunContext! This warning can be ignored when running in bare mode.
2025-12-30 09:00:01.555 Thread 'MainThread': missing ScriptRunContext! This warning can be ignored when running in bare mode.
2025-12-30 09:00:01.555 Thread 'MainThread': missing ScriptRunContext! This warning can be ignored when running in bare mode.
2025-12-30 09:00:01.556 Thread 'MainThread': missing ScriptRunContext! This warning can be ignored when running in bare mode.
2025-12-30 09:00:01.556 Thread 'MainThread': missing ScriptRunContext! This warning can be ignored when running in bare mode.
2025-12-30 09:00:01.556 Thread 'MainThread': missing ScriptRunContext! This warning can be ignored when running in bare mode.
2025-12-30 09:00:01.556 Thread 'MainThread': missing ScriptRunContext! This warning can be ignored when running in bare mode.
2025-12-30 09:00:01.556 Thread 'MainThread': missing ScriptRunContext! This warning can be ignored when running in bare mode.
2025-12-30 09:00:01.556 Thread 'MainThread': missing ScriptRunContext! This warning can be ignored when running in bare mode.
2025-12-30 09:00:01.556 Thread 'MainThread': missing ScriptRunContext! This warning can be ignored when running in bare mode.
2025-12-30 09:00:01.556 Thread 'MainThread': missing ScriptRunContext! This warning can be ignored when running in bare mode.
2025-12-30 09:00:01.556 Thread 'MainThread': missing ScriptRunContext! This warning can be ignored when running in bare mode.
2025-12-30 09:00:01.556 Thread 'MainThread': missing ScriptRunContext! This warning can be ignored when running in bare mode.
2025-12-30 09:00:01.556 Thread 'MainThread': missing ScriptRunContext! This warning can be ignored when running in bare mode.
2025-12-30 09:00:01.556 Thread 'MainThread': missing ScriptRunContext! This warning can be ignored when running in bare mode.
2025-12-30 09:00:01.556 Thread 'MainThread': missing ScriptRunContext! This warning can be ignored when running in bare mode.
2025-12-30 09:00:01.556 Thread 'MainThread': missing ScriptRunContext! This warning can be ignored when running in bare mode.
2025-12-30 09:00:01.556 Thread 'MainThread': missing ScriptRunContext! This warning can be ignored when running in bare mode.
2025-12-30 09:00:01.556 Thread 'MainThread': missing ScriptRunContext! This warning can be ignored when running in bare mode.
2025-12-30 09:00:01.556 Thread 'MainThread': missing ScriptRunContext! This warning can be ignored when running in bare mode.
2025-12-30 09:00:01.556 Thread 'MainThread': missing ScriptRunContext! This warning can be ignored when running in bare mode.
2025-12-30 09:00:01.556 Thread 'MainThread': missing ScriptRunContext! This warning can be ignored when running in bare mode.
2025-12-30 09:00:01.556 Thread 'MainThread': missing ScriptRunContext! This warning can be ignored when running in bare mode.
2025-12-30 09:00:01.556 Thread 'MainThread': missing ScriptRunContext! This warning can be ignored when running in bare mode.
2025-12-30 09:00:01.556 Thread 'MainThread': missing ScriptRunContext! This warning can be ignored when running in bare mode.
2025-12-30 09:00:01.556 Thread 'MainThread': missing ScriptRunContext! This warning can be ignored when running in bare mode.
2025-12-30 09:00:01.556 Thread 'MainThread': missing ScriptRunContext! This warning can be ignored when running in bare mode.
2025-12-30 09:00:01.556 Thread 'MainThread': missing ScriptRunContext! This warning can be ignored when running in bare mode.
2025-12-30 09:00:01.556 Thread 'MainThread': missing ScriptRunContext! This warning can be ignored when running in bare mode.
2025-12-30 09:00:01.556 No runtime found, using MemoryCacheStorageManager
2025-12-30 09:00:02.206 Thread 'Thread-1': missing ScriptRunContext! This warning can be ignored when running in bare mode.
2025-12-30 09:00:02.207 Thread 'Thread-1': missing ScriptRunContext! This warning can be ignored when running in bare mode.
2025-12-30 09:00:02.207 Thread 'Thread-1': missing ScriptRunContext! This warning can be ignored when running in bare mode.

1 Failed download:
['AAPL']: Timeout('Failed to perform, curl: (28) Resolving timed out after 30001 milliseconds. See https://curl.se/libcurl/c/libcurl-errors.html first for more details.')
2025-12-30 09:00:31.639 Thread 'MainThread': missing ScriptRunContext! This warning can be ignored when running in bare mode.
2025-12-30 09:00:31.640 Thread 'MainThread': missing ScriptRunContext! This warning can be ignored when running in bare mode.
2025-12-30 09:00:31.640 Thread 'MainThread': missing ScriptRunContext! This warning can be ignored when running in bare mode.
2025-12-30 09:00:31.640 Thread 'MainThread': missing ScriptRunContext! This warning can be ignored when running in bare mode.
2025-12-30 09:00:31.640 Thread 'MainThread': missing ScriptRunContext! This warning can be ignored when running in bare mode.
2025-12-30 09:00:31.640 Thread 'MainThread': missing ScriptRunContext! This warning can be ignored when running in bare mode.
2025-12-30 09:00:31.640 Thread 'MainThread': missing ScriptRunContext! This warning can be ignored when running in bare mode.
2025-12-30 09:00:31.640 Thread 'MainThread': missing ScriptRunContext! This warning can be ignored when running in bare mode.
2025-12-30 09:00:31.640 Thread 'MainThread': missing ScriptRunContext! This warning can be ignored when running in bare mode.
2025-12-30 09:00:31.640 Thread 'MainThread': missing ScriptRunContext! This warning can be ignored when running in bare mode.
2025-12-30 09:00:31.641 Thread 'MainThread': missing ScriptRunContext! This warning can be ignored when running in bare mode.
2025-12-30 09:00:31.641 Thread 'MainThread': missing ScriptRunContext! This warning can be ignored when running in bare mode.
2025-12-30 09:00:31.641 Thread 'MainThread': missing ScriptRunContext! This warning can be ignored when running in bare mode.
2025-12-30 09:00:31.641 Thread 'MainThread': missing ScriptRunContext! This warning can be ignored when running in bare mode.
2025-12-30 09:00:31.641 Thread 'MainThread': missing ScriptRunContext! This warning can be ignored when running in bare mode.
2025-12-30 09:00:31.641 Thread 'MainThread': missing ScriptRunContext! This warning can be ignored when running in bare mode.
2025-12-30 09:00:31.641 Thread 'MainThread': missing ScriptRunContext! This warning can be ignored when running in bare mode.
2025-12-30 09:00:31.641 Thread 'MainThread': missing ScriptRunContext! This warning can be ignored when running in bare mode.
2025-12-30 09:00:31.641 Thread 'MainThread': missing ScriptRunContext! This warning can be ignored when running in bare mode.
2025-12-30 09:00:31.641 Thread 'MainThread': missing ScriptRunContext! This warning can be ignored when running in bare mode.
2025-12-30 09:00:31.641 Thread 'MainThread': missing ScriptRunContext! This warning can be ignored when running in bare mode.
2025-12-30 09:00:31.641 Thread 'MainThread': missing ScriptRunContext! This warning can be ignored when running in bare mode.
2025-12-30 09:00:31.641 Thread 'MainThread': missing ScriptRunContext! This warning can be ignored when running in bare mode.
2025-12-30 09:00:31.641 Thread 'MainThread': missing ScriptRunContext! This warning can be ignored when running in bare mode.
2025-12-30 09:00:31.641 Thread 'MainThread': missing ScriptRunContext! This warning can be ignored when running in bare mode.
2025-12-30 09:00:31.641 Thread 'MainThread': missing ScriptRunContext! This warning can be ignored when running in bare mode.
2025-12-30 09:00:31.641 Thread 'MainThread': missing ScriptRunContext! This warning can be ignored when running in bare mode.
2025-12-30 09:00:31.649 Thread 'MainThread': missing ScriptRunContext! This warning can be ignored when running in bare mode.
2025-12-30 09:00:31.649 Thread 'MainThread': missing ScriptRunContext! This warning can be ignored when running in bare mode.
2025-12-30 09:00:31.649 Thread 'MainThread': missing ScriptRunContext! This warning can be ignored when running in bare mode.
2025-12-30 09:00:31.649 Thread 'MainThread': missing ScriptRunContext! This warning can be ignored when running in bare mode.
2025-12-30 09:00:31.649 Thread 'MainThread': missing ScriptRunContext! This warning can be ignored when running in bare mode.
2025-12-30 09:00:31.649 Thread 'MainThread': missing ScriptRunContext! This warning can be ignored when running in bare mode.
2025-12-30 09:00:31.650 Thread 'MainThread': missing ScriptRunContext! This warning can be ignored when running in bare mode.
2025-12-30 09:00:31.650 Thread 'MainThread': missing ScriptRunContext! This warning can be ignored when running in bare mode.
2025-12-30 09:00:31.650 Thread 'MainThread': missing ScriptRunContext! This warning can be ignored when running in bare mode.
2025-12-30 09:00:31.653 Please replace `use_container_width` with `width`.

`use_container_width` will be removed after 2025-12-31.

For `use_container_width=True`, use `width='stretch'`. For `use_container_width=False`, use `width='content'`.
2025-12-30 09:00:31.675 Thread 'MainThread': missing ScriptRunContext! This warning can be ignored when running in bare mode.
2025-12-30 09:00:31.675 Thread 'MainThread': missing ScriptRunContext! This warning can be ignored when running in bare mode.
2025-12-30 09:00:31.675 Thread 'MainThread': missing ScriptRunContext! This warning can be ignored when running in bare mode.
2025-12-30 09:01:01.825 Thread 'MainThread': missing ScriptRunContext! This warning can be ignored when running in bare mode.
✅ Weekly report saved:
   alerts/weekly_report_20251230_090101.json
   alerts/weekly_report_20251230_090101.txt
2026-01-02 16:57:02.763 WARNING streamlit.runtime.scriptrunner_utils.script_run_context: Thread 'MainThread': missing ScriptRunContext! This warning can be ignored when running in bare mode.
2026-01-02 16:57:02.804 WARNING streamlit.runtime.caching.cache_data_api: No runtime found, using MemoryCacheStorageManager
2026-01-02 16:57:02.842 WARNING streamlit.runtime.caching.cache_data_api: No runtime found, using MemoryCacheStorageManager
2026-01-02 16:57:02.845 WARNING streamlit.runtime.scriptrunner_utils.script_run_context: Thread 'MainThread': missing ScriptRunContext! This warning can be ignored when running in bare mode.
2026-01-02 16:57:04.127 
  [33m[1mWarning:[0m to view this Streamlit app on a browser, run it with the following
  command:

    streamlit run weekly_ai.py [ARGUMENTS]
2026-01-02 16:57:04.127 Thread 'MainThread': missing ScriptRunContext! This warning can be ignored when running in bare mode.
2026-01-02 16:57:04.127 Thread 'MainThread': missing ScriptRunContext! This warning can be ignored when running in bare mode.
2026-01-02 16:57:04.132 Thread 'MainThread': missing ScriptRunContext! This warning can be ignored when running in bare mode.
2026-01-02 16:57:04.133 Thread 'MainThread': missing ScriptRunContext! This warning can be ignored when running in bare mode.
2026-01-02 16:57:04.134 Thread 'MainThread': missing ScriptRunContext! This warning can be ignored when running in bare mode.
2026-01-02 16:57:04.134 Thread 'MainThread': missing ScriptRunContext! This warning can be ignored when running in bare mode.
2026-01-02 16:57:04.134 Thread 'MainThread': missing ScriptRunContext! This warning can be ignored when running in bare mode.
2026-01-02 16:57:04.135 Thread 'MainThread': missing ScriptRunContext! This warning can be ignored when running in bare mode.
2026-01-02 16:57:04.135 Thread 'MainThread': missing ScriptRunContext! This warning can be ignored when running in bare mode.
2026-01-02 16:57:04.135 Session state does not function when running a script without `streamlit run`
2026-01-02 16:57:04.135 Thread 'MainThread': missing ScriptRunContext! This warning can be ignored when running in bare mode.
2026-01-02 16:57:04.135 Thread 'MainThread': missing ScriptRunContext! This warning can be ignored when running in bare mode.
2026-01-02 16:57:04.135 Thread 'MainThread': missing ScriptRunContext! This warning can be ignored when running in bare mode.
2026-01-02 16:57:04.135 Thread 'MainThread': missing ScriptRunContext! This warning can be ignored when running in bare mode.
2026-01-02 16:57:04.135 Thread 'MainThread': missing ScriptRunContext! This warning can be ignored when running in bare mode.
2026-01-02 16:57:04.135 Thread 'MainThread': missing ScriptRunContext! This warning can be ignored when running in bare mode.
2026-01-02 16:57:04.135 Thread 'MainThread': missing ScriptRunContext! This warning can be ignored when running in bare mode.
2026-01-02 16:57:04.135 Thread 'MainThread': missing ScriptRunContext! This warning can be ignored when running in bare mode.
2026-01-02 16:57:04.135 Thread 'MainThread': missing ScriptRunContext! This warning can be ignored when running in bare mode.
2026-01-02 16:57:04.135 Thread 'MainThread': missing ScriptRunContext! This warning can be ignored when running in bare mode.
2026-01-02 16:57:04.135 Thread 'MainThread': missing ScriptRunContext! This warning can be ignored when running in bare mode.
2026-01-02 16:57:04.135 Thread 'MainThread': missing ScriptRunContext! This warning can be ignored when running in bare mode.
2026-01-02 16:57:04.135 Thread 'MainThread': missing ScriptRunContext! This warning can be ignored when running in bare mode.
2026-01-02 16:57:04.135 Thread 'MainThread': missing ScriptRunContext! This warning can be ignored when running in bare mode.
2026-01-02 16:57:04.135 Thread 'MainThread': missing ScriptRunContext! This warning can be ignored when running in bare mode.
2026-01-02 16:57:04.135 Thread 'MainThread': missing ScriptRunContext! This warning can be ignored when running in bare mode.
2026-01-02 16:57:04.135 Thread 'MainThread': missing ScriptRunContext! This warning can be ignored when running in bare mode.
2026-01-02 16:57:04.135 Thread 'MainThread': missing ScriptRunContext! This warning can be ignored when running in bare mode.
2026-01-02 16:57:04.136 Thread 'MainThread': missing ScriptRunContext! This warning can be ignored when running in bare mode.
2026-01-02 16:57:04.136 Thread 'MainThread': missing ScriptRunContext! This warning can be ignored when running in bare mode.
2026-01-02 16:57:04.136 Thread 'MainThread': missing ScriptRunContext! This warning can be ignored when running in bare mode.
2026-01-02 16:57:04.136 Thread 'MainThread': missing ScriptRunContext! This warning can be ignored when running in bare mode.
2026-01-02 16:57:04.136 Thread 'MainThread': missing ScriptRunContext! This warning can be ignored when running in bare mode.
2026-01-02 16:57:04.136 Thread 'MainThread': missing ScriptRunContext! This warning can be ignored when running in bare mode.
2026-01-02 16:57:04.136 Thread 'MainThread': missing ScriptRunContext! This warning can be ignored when running in bare mode.
2026-01-02 16:57:04.136 Thread 'MainThread': missing ScriptRunContext! This warning can be ignored when running in bare mode.
2026-01-02 16:57:04.136 Thread 'MainThread': missing ScriptRunContext! This warning can be ignored when running in bare mode.
2026-01-02 16:57:04.136 Thread 'MainThread': missing ScriptRunContext! This warning can be ignored when running in bare mode.
2026-01-02 16:57:04.136 Thread 'MainThread': missing ScriptRunContext! This warning can be ignored when running in bare mode.
2026-01-02 16:57:04.136 Thread 'MainThread': missing ScriptRunContext! This warning can be ignored when running in bare mode.
2026-01-02 16:57:04.136 Thread 'MainThread': missing ScriptRunContext! This warning can be ignored when running in bare mode.
2026-01-02 16:57:04.136 Thread 'MainThread': missing ScriptRunContext! This warning can be ignored when running in bare mode.
2026-01-02 16:57:04.136 Thread 'MainThread': missing ScriptRunContext! This warning can be ignored when running in bare mode.
2026-01-02 16:57:04.136 Thread 'MainThread': missing ScriptRunContext! This warning can be ignored when running in bare mode.
2026-01-02 16:57:04.136 Thread 'MainThread': missing ScriptRunContext! This warning can be ignored when running in bare mode.
2026-01-02 16:57:04.136 Thread 'MainThread': missing ScriptRunContext! This warning can be ignored when running in bare mode.
2026-01-02 16:57:04.136 Thread 'MainThread': missing ScriptRunContext! This warning can be ignored when running in bare mode.
2026-01-02 16:57:04.136 Thread 'MainThread': missing ScriptRunContext! This warning can be ignored when running in bare mode.
2026-01-02 16:57:04.136 Thread 'MainThread': missing ScriptRunContext! This warning can be ignored when running in bare mode.
2026-01-02 16:57:04.136 Thread 'MainThread': missing ScriptRunContext! This warning can be ignored when running in bare mode.
2026-01-02 16:57:04.136 Thread 'MainThread': missing ScriptRunContext! This warning can be ignored when running in bare mode.
2026-01-02 16:57:04.136 Thread 'MainThread': missing ScriptRunContext! This warning can be ignored when running in bare mode.
2026-01-02 16:57:04.136 Thread 'MainThread': missing ScriptRunContext! This warning can be ignored when running in bare mode.
2026-01-02 16:57:04.136 Thread 'MainThread': missing ScriptRunContext! This warning can be ignored when running in bare mode.
2026-01-02 16:57:04.136 Thread 'MainThread': missing ScriptRunContext! This warning can be ignored when running in bare mode.
2026-01-02 16:57:04.137 Thread 'MainThread': missing ScriptRunContext! This warning can be ignored when running in bare mode.
2026-01-02 16:57:04.148 Thread 'MainThread': missing ScriptRunContext! This warning can be ignored when running in bare mode.
2026-01-02 16:57:04.148 Thread 'MainThread': missing ScriptRunContext! This warning can be ignored when running in bare mode.
2026-01-02 16:57:04.153 Thread 'MainThread': missing ScriptRunContext! This warning can be ignored when running in bare mode.
2026-01-02 16:57:04.153 Thread 'MainThread': missing ScriptRunContext! This warning can be ignored when running in bare mode.
2026-01-02 16:57:04.153 Thread 'MainThread': missing ScriptRunContext! This warning can be ignored when running in bare mode.
2026-01-02 16:57:04.153 Thread 'MainThread': missing ScriptRunContext! This warning can be ignored when running in bare mode.
2026-01-02 16:57:04.153 Thread 'MainThread': missing ScriptRunContext! This warning can be ignored when running in bare mode.
2026-01-02 16:57:04.153 Thread 'MainThread': missing ScriptRunContext! This warning can be ignored when running in bare mode.
2026-01-02 16:57:04.153 Thread 'MainThread': missing ScriptRunContext! This warning can be ignored when running in bare mode.
2026-01-02 16:57:04.154 Thread 'MainThread': missing ScriptRunContext! This warning can be ignored when running in bare mode.
2026-01-02 16:57:04.154 Thread 'MainThread': missing ScriptRunContext! This warning can be ignored when running in bare mode.
2026-01-02 16:57:04.154 Thread 'MainThread': missing ScriptRunContext! This warning can be ignored when running in bare mode.
2026-01-02 16:57:04.155 Thread 'MainThread': missing ScriptRunContext! This warning can be ignored when running in bare mode.
2026-01-02 16:57:04.155 Thread 'MainThread': missing ScriptRunContext! This warning can be ignored when running in bare mode.
2026-01-02 16:57:04.155 Thread 'MainThread': missing ScriptRunContext! This warning can be ignored when running in bare mode.
2026-01-02 16:57:04.156 Thread 'MainThread': missing ScriptRunContext! This warning can be ignored when running in bare mode.
2026-01-02 16:57:04.156 Thread 'MainThread': missing ScriptRunContext! This warning can be ignored when running in bare mode.
2026-01-02 16:57:04.156 Thread 'MainThread': missing ScriptRunContext! This warning can be ignored when running in bare mode.
2026-01-02 16:57:04.159 Thread 'MainThread': missing ScriptRunContext! This warning can be ignored when running in bare mode.
2026-01-02 16:57:04.159 Thread 'MainThread': missing ScriptRunContext! This warning can be ignored when running in bare mode.
2026-01-02 16:57:04.159 Thread 'MainThread': missing ScriptRunContext! This warning can be ignored when running in bare mode.
2026-01-02 16:57:04.159 Thread 'MainThread': missing ScriptRunContext! This warning can be ignored when running in bare mode.
2026-01-02 16:57:04.159 Thread 'MainThread': missing ScriptRunContext! This warning can be ignored when running in bare mode.
2026-01-02 16:57:04.159 Thread 'MainThread': missing ScriptRunContext! This warning can be ignored when running in bare mode.
2026-01-02 16:57:04.159 Thread 'MainThread': missing ScriptRunContext! This warning can be ignored when running in bare mode.
2026-01-02 16:57:04.160 Thread 'MainThread': missing ScriptRunContext! This warning can be ignored when running in bare mode.
2026-01-02 16:57:04.161 No runtime found, using MemoryCacheStorageManager
2026-01-02 16:57:04.737 Thread 'Thread-1': missing ScriptRunContext! This warning can be ignored when running in bare mode.
2026-01-02 16:57:04.740 Thread 'Thread-1': missing ScriptRunContext! This warning can be ignored when running in bare mode.
2026-01-02 16:57:04.740 Thread 'Thread-1': missing ScriptRunContext! This warning can be ignored when running in bare mode.
2026-01-02 16:57:07.647 Thread 'MainThread': missing ScriptRunContext! This warning can be ignored when running in bare mode.
2026-01-02 16:57:07.647 Thread 'MainThread': missing ScriptRunContext! This warning can be ignored when running in bare mode.
2026-01-02 16:57:07.647 Thread 'MainThread': missing ScriptRunContext! This warning can be ignored when running in bare mode.
2026-01-02 16:57:07.648 Thread 'MainThread': missing ScriptRunContext! This warning can be ignored when running in bare mode.
2026-01-02 16:57:07.648 Thread 'MainThread': missing ScriptRunContext! This warning can be ignored when running in bare mode.
2026-01-02 16:57:07.648 Thread 'MainThread': missing ScriptRunContext! This warning can be ignored when running in bare mode.
2026-01-02 16:57:07.648 Thread 'MainThread': missing ScriptRunContext! This warning can be ignored when running in bare mode.
2026-01-02 16:57:07.648 Thread 'MainThread': missing ScriptRunContext! This warning can be ignored when running in bare mode.
2026-01-02 16:57:07.648 Thread 'MainThread': missing ScriptRunContext! This warning can be ignored when running in bare mode.
2026-01-02 16:57:07.648 Thread 'MainThread': missing ScriptRunContext! This warning can be ignored when running in bare mode.
2026-01-02 16:57:07.648 Thread 'MainThread': missing ScriptRunContext! This warning can be ignored when running in bare mode.
2026-01-02 16:57:07.648 Thread 'MainThread': missing ScriptRunContext! This warning can be ignored when running in bare mode.
2026-01-02 16:57:07.649 Thread 'MainThread': missing ScriptRunContext! This warning can be ignored when running in bare mode.
2026-01-02 16:57:07.649 Thread 'MainThread': missing ScriptRunContext! This warning can be ignored when running in bare mode.
2026-01-02 16:57:07.649 Thread 'MainThread': missing ScriptRunContext! This warning can be ignored when running in bare mode.
2026-01-02 16:57:07.649 Thread 'MainThread': missing ScriptRunContext! This warning can be ignored when running in bare mode.
2026-01-02 16:57:07.649 Thread 'MainThread': missing ScriptRunContext! This warning can be ignored when running in bare mode.
2026-01-02 16:57:07.649 Thread 'MainThread': missing ScriptRunContext! This warning can be ignored when running in bare mode.
2026-01-02 16:57:07.650 Thread 'MainThread': missing ScriptRunContext! This warning can be ignored when running in bare mode.
2026-01-02 16:57:07.650 Thread 'MainThread': missing ScriptRunContext! This warning can be ignored when running in bare mode.
2026-01-02 16:57:07.650 Thread 'MainThread': missing ScriptRunContext! This warning can be ignored when running in bare mode.
2026-01-02 16:57:07.650 Thread 'MainThread': missing ScriptRunContext! This warning can be ignored when running in bare mode.
2026-01-02 16:57:07.650 Thread 'MainThread': missing ScriptRunContext! This warning can be ignored when running in bare mode.
2026-01-02 16:57:07.650 Thread 'MainThread': missing ScriptRunContext! This warning can be ignored when running in bare mode.
2026-01-02 16:57:07.650 Thread 'MainThread': missing ScriptRunContext! This warning can be ignored when running in bare mode.
2026-01-02 16:57:07.650 Thread 'MainThread': missing ScriptRunContext! This warning can be ignored when running in bare mode.
2026-01-02 16:57:07.650 Thread 'MainThread': missing ScriptRunContext! This warning can be ignored when running in bare mode.
2026-01-02 16:57:07.738 Thread 'MainThread': missing ScriptRunContext! This warning can be ignored when running in bare mode.
2026-01-02 16:57:07.744 Thread 'MainThread': missing ScriptRunContext! This warning can be ignored when running in bare mode.
2026-01-02 16:57:07.744 Thread 'MainThread': missing ScriptRunContext! This warning can be ignored when running in bare mode.
2026-01-02 16:57:07.744 Thread 'MainThread': missing ScriptRunContext! This warning can be ignored when running in bare mode.
2026-01-02 16:57:07.744 Thread 'MainThread': missing ScriptRunContext! This warning can be ignored when running in bare mode.
2026-01-02 16:57:07.744 Thread 'MainThread': missing ScriptRunContext! This warning can be ignored when running in bare mode.
2026-01-02 16:57:07.744 Thread 'MainThread': missing ScriptRunContext! This warning can be ignored when running in bare mode.
2026-01-02 16:57:07.744 Thread 'MainThread': missing ScriptRunContext! This warning can be ignored when running in bare mode.
2026-01-02 16:57:07.744 Thread 'MainThread': missing ScriptRunContext! This warning can be ignored when running in bare mode.
2026-01-02 16:57:07.817 Please replace `use_container_width` with `width`.

`use_container_width` will be removed after 2025-12-31.

For `use_container_width=True`, use `width='stretch'`. For `use_container_width=False`, use `width='content'`.
2026-01-02 16:57:08.183 Thread 'MainThread': missing ScriptRunContext! This warning can be ignored when running in bare mode.
2026-01-02 16:57:08.183 Thread 'MainThread': missing ScriptRunContext! This warning can be ignored when running in bare mode.
2026-01-02 16:57:08.183 Thread 'MainThread': missing ScriptRunContext! This warning can be ignored when running in bare mode.
2026-01-02 16:57:38.232 Thread 'MainThread': missing ScriptRunContext! This warning can be ignored when running in bare mode.
✅ Weekly report saved:
   alerts/weekly_report_20260102_165738.json
   alerts/weekly_report_20260102_165738.txt
2026-01-06 09:00:06.279 WARNING streamlit.runtime.scriptrunner_utils.script_run_context: Thread 'MainThread': missing ScriptRunContext! This warning can be ignored when running in bare mode.
2026-01-06 09:00:06.280 WARNING streamlit.runtime.caching.cache_data_api: No runtime found, using MemoryCacheStorageManager
2026-01-06 09:00:06.283 WARNING streamlit.runtime.caching.cache_data_api: No runtime found, using MemoryCacheStorageManager
2026-01-06 09:00:06.283 WARNING streamlit.runtime.scriptrunner_utils.script_run_context: Thread 'MainThread': missing ScriptRunContext! This warning can be ignored when running in bare mode.
2026-01-06 09:00:06.395 
  [33m[1mWarning:[0m to view this Streamlit app on a browser, run it with the following
  command:

    streamlit run weekly_ai.py [ARGUMENTS]
2026-01-06 09:00:06.395 Thread 'MainThread': missing ScriptRunContext! This warning can be ignored when running in bare mode.
2026-01-06 09:00:06.395 Thread 'MainThread': missing ScriptRunContext! This warning can be ignored when running in bare mode.
2026-01-06 09:00:06.396 Thread 'MainThread': missing ScriptRunContext! This warning can be ignored when running in bare mode.
2026-01-06 09:00:06.396 Thread 'MainThread': missing ScriptRunContext! This warning can be ignored when running in bare mode.
2026-01-06 09:00:06.396 Thread 'MainThread': missing ScriptRunContext! This warning can be ignored when running in bare mode.
2026-01-06 09:00:06.396 Thread 'MainThread': missing ScriptRunContext! This warning can be ignored when running in bare mode.
2026-01-06 09:00:06.396 Thread 'MainThread': missing ScriptRunContext! This warning can be ignored when running in bare mode.
2026-01-06 09:00:06.396 Thread 'MainThread': missing ScriptRunContext! This warning can be ignored when running in bare mode.
2026-01-06 09:00:06.396 Thread 'MainThread': missing ScriptRunContext! This warning can be ignored when running in bare mode.
2026-01-06 09:00:06.396 Session state does not function when running a script without `streamlit run`
2026-01-06 09:00:06.396 Thread 'MainThread': missing ScriptRunContext! This warning can be ignored when running in bare mode.
2026-01-06 09:00:06.396 Thread 'MainThread': missing ScriptRunContext! This warning can be ignored when running in bare mode.
2026-01-06 09:00:06.396 Thread 'MainThread': missing ScriptRunContext! This warning can be ignored when running in bare mode.
2026-01-06 09:00:06.396 Thread 'MainThread': missing ScriptRunContext! This warning can be ignored when running in bare mode.
2026-01-06 09:00:06.396 Thread 'MainThread': missing ScriptRunContext! This warning can be ignored when running in bare mode.
2026-01-06 09:00:06.396 Thread 'MainThread': missing ScriptRunContext! This warning can be ignored when running in bare mode.
2026-01-06 09:00:06.396 Thread 'MainThread': missing ScriptRunContext! This warning can be ignored when running in bare mode.
2026-01-06 09:00:06.396 Thread 'MainThread': missing ScriptRunContext! This warning can be ignored when running in bare mode.
2026-01-06 09:00:06.396 Thread 'MainThread': missing ScriptRunContext! This warning can be ignored when running in bare mode.
2026-01-06 09:00:06.396 Thread 'MainThread': missing ScriptRunContext! This warning can be ignored when running in bare mode.
2026-01-06 09:00:06.396 Thread 'MainThread': missing ScriptRunContext! This warning can be ignored when running in bare mode.
2026-01-06 09:00:06.396 Thread 'MainThread': missing ScriptRunContext! This warning can be ignored when running in bare mode.
2026-01-06 09:00:06.396 Thread 'MainThread': missing ScriptRunContext! This warning can be ignored when running in bare mode.
2026-01-06 09:00:06.396 Thread 'MainThread': missing ScriptRunContext! This warning can be ignored when running in bare mode.
2026-01-06 09:00:06.396 Thread 'MainThread': missing ScriptRunContext! This warning can be ignored when running in bare mode.
2026-01-06 09:00:06.396 Thread 'MainThread': missing ScriptRunContext! This warning can be ignored when running in bare mode.
2026-01-06 09:00:06.396 Thread 'MainThread': missing ScriptRunContext! This warning can be ignored when running in bare mode.
2026-01-06 09:00:06.396 Thread 'MainThread': missing ScriptRunContext! This warning can be ignored when running in bare mode.
2026-01-06 09:00:06.396 Thread 'MainThread': missing ScriptRunContext! This warning can be ignored when running in bare mode.
2026-01-06 09:00:06.396 Thread 'MainThread': missing ScriptRunContext! This warning can be ignored when running in bare mode.
2026-01-06 09:00:06.396 Thread 'MainThread': missing ScriptRunContext! This warning can be ignored when running in bare mode.
2026-01-06 09:00:06.396 Thread 'MainThread': missing ScriptRunContext! This warning can be ignored when running in bare mode.
2026-01-06 09:00:06.396 Thread 'MainThread': missing ScriptRunContext! This warning can be ignored when running in bare mode.
2026-01-06 09:00:06.396 Thread 'MainThread': missing ScriptRunContext! This warning can be ignored when running in bare mode.
2026-01-06 09:00:06.396 Thread 'MainThread': missing ScriptRunContext! This warning can be ignored when running in bare mode.
2026-01-06 09:00:06.396 Thread 'MainThread': missing ScriptRunContext! This warning can be ignored when running in bare mode.
2026-01-06 09:00:06.396 Thread 'MainThread': missing ScriptRunContext! This warning can be ignored when running in bare mode.
2026-01-06 09:00:06.396 Thread 'MainThread': missing ScriptRunContext! This warning can be ignored when running in bare mode.
2026-01-06 09:00:06.396 Thread 'MainThread': missing ScriptRunContext! This warning can be ignored when running in bare mode.
2026-01-06 09:00:06.396 Thread 'MainThread': missing ScriptRunContext! This warning can be ignored when running in bare mode.
2026-01-06 09:00:06.396 Thread 'MainThread': missing ScriptRunContext! This warning can be ignored when running in bare mode.
2026-01-06 09:00:06.396 Thread 'MainThread': missing ScriptRunContext! This warning can be ignored when running in bare mode.
2026-01-06 09:00:06.396 Thread 'MainThread': missing ScriptRunContext! This warning can be ignored when running in bare mode.
2026-01-06 09:00:06.396 Thread 'MainThread': missing ScriptRunContext! This warning can be ignored when running in bare mode.
2026-01-06 09:00:06.396 Thread 'MainThread': missing ScriptRunContext! This warning can be ignored when running in bare mode.
2026-01-06 09:00:06.396 Thread 'MainThread': missing ScriptRunContext! This warning can be ignored when running in bare mode.
2026-01-06 09:00:06.396 Thread 'MainThread': missing ScriptRunContext! This warning can be ignored when running in bare mode.
2026-01-06 09:00:06.396 Thread 'MainThread': missing ScriptRunContext! This warning can be ignored when running in bare mode.
2026-01-06 09:00:06.396 Thread 'MainThread': missing ScriptRunContext! This warning can be ignored when running in bare mode.
2026-01-06 09:00:06.397 Thread 'MainThread': missing ScriptRunContext! This warning can be ignored when running in bare mode.
2026-01-06 09:00:06.397 Thread 'MainThread': missing ScriptRunContext! This warning can be ignored when running in bare mode.
2026-01-06 09:00:06.397 Thread 'MainThread': missing ScriptRunContext! This warning can be ignored when running in bare mode.
2026-01-06 09:00:06.397 Thread 'MainThread': missing ScriptRunContext! This warning can be ignored when running in bare mode.
2026-01-06 09:00:06.397 Thread 'MainThread': missing ScriptRunContext! This warning can be ignored when running in bare mode.
2026-01-06 09:00:06.397 Thread 'MainThread': missing ScriptRunContext! This warning can be ignored when running in bare mode.
2026-01-06 09:00:06.397 Thread 'MainThread': missing ScriptRunContext! This warning can be ignored when running in bare mode.
2026-01-06 09:00:06.397 Thread 'MainThread': missing ScriptRunContext! This warning can be ignored when running in bare mode.
2026-01-06 09:00:06.397 Thread 'MainThread': missing ScriptRunContext! This warning can be ignored when running in bare mode.
2026-01-06 09:00:06.397 Thread 'MainThread': missing ScriptRunContext! This warning can be ignored when running in bare mode.
2026-01-06 09:00:06.397 Thread 'MainThread': missing ScriptRunContext! This warning can be ignored when running in bare mode.
2026-01-06 09:00:06.397 Thread 'MainThread': missing ScriptRunContext! This warning can be ignored when running in bare mode.
2026-01-06 09:00:06.397 Thread 'MainThread': missing ScriptRunContext! This warning can be ignored when running in bare mode.
2026-01-06 09:00:06.397 Thread 'MainThread': missing ScriptRunContext! This warning can be ignored when running in bare mode.
2026-01-06 09:00:06.397 Thread 'MainThread': missing ScriptRunContext! This warning can be ignored when running in bare mode.
2026-01-06 09:00:06.397 Thread 'MainThread': missing ScriptRunContext! This warning can be ignored when running in bare mode.
2026-01-06 09:00:06.397 Thread 'MainThread': missing ScriptRunContext! This warning can be ignored when running in bare mode.
2026-01-06 09:00:06.397 Thread 'MainThread': missing ScriptRunContext! This warning can be ignored when running in bare mode.
2026-01-06 09:00:06.397 Thread 'MainThread': missing ScriptRunContext! This warning can be ignored when running in bare mode.
2026-01-06 09:00:06.397 Thread 'MainThread': missing ScriptRunContext! This warning can be ignored when running in bare mode.
2026-01-06 09:00:06.397 Thread 'MainThread': missing ScriptRunContext! This warning can be ignored when running in bare mode.
2026-01-06 09:00:06.397 Thread 'MainThread': missing ScriptRunContext! This warning can be ignored when running in bare mode.
2026-01-06 09:00:06.397 Thread 'MainThread': missing ScriptRunContext! This warning can be ignored when running in bare mode.
2026-01-06 09:00:06.397 Thread 'MainThread': missing ScriptRunContext! This warning can be ignored when running in bare mode.
2026-01-06 09:00:06.397 Thread 'MainThread': missing ScriptRunContext! This warning can be ignored when running in bare mode.
2026-01-06 09:00:06.397 Thread 'MainThread': missing ScriptRunContext! This warning can be ignored when running in bare mode.
2026-01-06 09:00:06.397 Thread 'MainThread': missing ScriptRunContext! This warning can be ignored when running in bare mode.
2026-01-06 09:00:06.397 Thread 'MainThread': missing ScriptRunContext! This warning can be ignored when running in bare mode.
2026-01-06 09:00:06.397 Thread 'MainThread': missing ScriptRunContext! This warning can be ignored when running in bare mode.
2026-01-06 09:00:06.397 Thread 'MainThread': missing ScriptRunContext! This warning can be ignored when running in bare mode.
2026-01-06 09:00:06.397 Thread 'MainThread': missing ScriptRunContext! This warning can be ignored when running in bare mode.
2026-01-06 09:00:06.397 Thread 'MainThread': missing ScriptRunContext! This warning can be ignored when running in bare mode.
2026-01-06 09:00:06.397 Thread 'MainThread': missing ScriptRunContext! This warning can be ignored when running in bare mode.
2026-01-06 09:00:06.397 No runtime found, using MemoryCacheStorageManager
2026-01-06 09:00:07.047 Thread 'Thread-1': missing ScriptRunContext! This warning can be ignored when running in bare mode.
2026-01-06 09:00:07.048 Thread 'Thread-1': missing ScriptRunContext! This warning can be ignored when running in bare mode.
2026-01-06 09:00:07.048 Thread 'Thread-1': missing ScriptRunContext! This warning can be ignored when running in bare mode.
2026-01-06 09:00:07.801 Thread 'MainThread': missing ScriptRunContext! This warning can be ignored when running in bare mode.
2026-01-06 09:00:07.801 Thread 'MainThread': missing ScriptRunContext! This warning can be ignored when running in bare mode.
2026-01-06 09:00:07.801 Thread 'MainThread': missing ScriptRunContext! This warning can be ignored when running in bare mode.
2026-01-06 09:00:07.802 Thread 'MainThread': missing ScriptRunContext! This warning can be ignored when running in bare mode.
2026-01-06 09:00:07.802 Thread 'MainThread': missing ScriptRunContext! This warning can be ignored when running in bare mode.
2026-01-06 09:00:07.802 Thread 'MainThread': missing ScriptRunContext! This warning can be ignored when running in bare mode.
2026-01-06 09:00:07.802 Thread 'MainThread': missing ScriptRunContext! This warning can be ignored when running in bare mode.
2026-01-06 09:00:07.802 Thread 'MainThread': missing ScriptRunContext! This warning can be ignored when running in bare mode.
2026-01-06 09:00:07.802 Thread 'MainThread': missing ScriptRunContext! This warning can be ignored when running in bare mode.
2026-01-06 09:00:07.803 Thread 'MainThread': missing ScriptRunContext! This warning can be ignored when running in bare mode.
2026-01-06 09:00:07.803 Thread 'MainThread': missing ScriptRunContext! This warning can be ignored when running in bare mode.
2026-01-06 09:00:07.803 Thread 'MainThread': missing ScriptRunContext! This warning can be ignored when running in bare mode.
2026-01-06 09:00:07.803 Thread 'MainThread': missing ScriptRunContext! This warning can be ignored when running in bare mode.
2026-01-06 09:00:07.803 Thread 'MainThread': missing ScriptRunContext! This warning can be ignored when running in bare mode.
2026-01-06 09:00:07.803 Thread 'MainThread': missing ScriptRunContext! This warning can be ignored when running in bare mode.
2026-01-06 09:00:07.803 Thread 'MainThread': missing ScriptRunContext! This warning can be ignored when running in bare mode.
2026-01-06 09:00:07.803 Thread 'MainThread': missing ScriptRunContext! This warning can be ignored when running in bare mode.
2026-01-06 09:00:07.803 Thread 'MainThread': missing ScriptRunContext! This warning can be ignored when running in bare mode.
2026-01-06 09:00:07.803 Thread 'MainThread': missing ScriptRunContext! This warning can be ignored when running in bare mode.
2026-01-06 09:00:07.803 Thread 'MainThread': missing ScriptRunContext! This warning can be ignored when running in bare mode.
2026-01-06 09:00:07.803 Thread 'MainThread': missing ScriptRunContext! This warning can be ignored when running in bare mode.
2026-01-06 09:00:07.803 Thread 'MainThread': missing ScriptRunContext! This warning can be ignored when running in bare mode.
2026-01-06 09:00:07.803 Thread 'MainThread': missing ScriptRunContext! This warning can be ignored when running in bare mode.
2026-01-06 09:00:07.803 Thread 'MainThread': missing ScriptRunContext! This warning can be ignored when running in bare mode.
2026-01-06 09:00:07.804 Thread 'MainThread': missing ScriptRunContext! This warning can be ignored when running in bare mode.
2026-01-06 09:00:07.804 Thread 'MainThread': missing ScriptRunContext! This warning can be ignored when running in bare mode.
2026-01-06 09:00:07.804 Thread 'MainThread': missing ScriptRunContext! This warning can be ignored when running in bare mode.
2026-01-06 09:00:07.811 Thread 'MainThread': missing ScriptRunContext! This warning can be ignored when running in bare mode.
2026-01-06 09:00:07.812 Thread 'MainThread': missing ScriptRunContext! This warning can be ignored when running in bare mode.
2026-01-06 09:00:07.812 Thread 'MainThread': missing ScriptRunContext! This warning can be ignored when running in bare mode.
2026-01-06 09:00:07.812 Thread 'MainThread': missing ScriptRunContext! This warning can be ignored when running in bare mode.
2026-01-06 09:00:07.812 Thread 'MainThread': missing ScriptRunContext! This warning can be ignored when running in bare mode.
2026-01-06 09:00:07.812 Thread 'MainThread': missing ScriptRunContext! This warning can be ignored when running in bare mode.
2026-01-06 09:00:07.812 Thread 'MainThread': missing ScriptRunContext! This warning can be ignored when running in bare mode.
2026-01-06 09:00:07.812 Thread 'MainThread': missing ScriptRunContext! This warning can be ignored when running in bare mode.
2026-01-06 09:00:07.812 Thread 'MainThread': missing ScriptRunContext! This warning can be ignored when running in bare mode.
2026-01-06 09:00:07.815 Please replace `use_container_width` with `width`.

`use_container_width` will be removed after 2025-12-31.

For `use_container_width=True`, use `width='stretch'`. For `use_container_width=False`, use `width='content'`.
2026-01-06 09:00:07.832 Thread 'MainThread': missing ScriptRunContext! This warning can be ignored when running in bare mode.
2026-01-06 09:00:07.833 Thread 'MainThread': missing ScriptRunContext! This warning can be ignored when running in bare mode.
2026-01-06 09:00:07.833 Thread 'MainThread': missing ScriptRunContext! This warning can be ignored when running in bare mode.
2026-01-06 09:00:37.844 Thread 'MainThread': missing ScriptRunContext! This warning can be ignored when running in bare mode.
✅ Weekly report saved:
   alerts/weekly_report_20260106_090037.json
   alerts/weekly_report_20260106_090037.txt
